app/build/intermediates/manifest_merge_blame_file/debug/manifest-merger-blame-debug-report.txt
1<?xml version="1.0" encoding="utf-8"?>
2<manifest xmlns:android="http://schemas.android.com/apk/res/android"
3    package="com.eneff.branch.example.android"
4    android:versionCode="1"
5    android:versionName="1.0" >
6
7    <uses-sdk
8        android:minSdkVersion="21"
8-->src/main/AndroidManifest.xml
9        android:targetSdkVersion="28" />
9-->src/main/AndroidManifest.xml
10
11    <uses-permission android:name="android.permission.INTERNET" />
11-->src/main/AndroidManifest.xml:5:5-67
11-->src/main/AndroidManifest.xml:5:22-64
12    <uses-permission android:name="android.permission.WRITE_EXTERNAL_STORAGE" />
12-->src/main/AndroidManifest.xml:6:5-80
12-->src/main/AndroidManifest.xml:6:22-78
13    <uses-permission android:name="android.permission.READ_EXTERNAL_STORAGE" />
13-->src/main/AndroidManifest.xml:7:5-80
13-->src/main/AndroidManifest.xml:7:22-77
14    <uses-permission android:name="com.google.android.gms.permission.AD_ID" />
14-->src/main/AndroidManifest.xml:8:5-78
14-->src/main/AndroidManifest.xml:8:22-76
15
16    <queries>
16-->src/main/AndroidManifest.xml:67:5-72:15
17        <intent>
17-->src/main/AndroidManifest.xml:68:9-71:18
18            <action android:name="android.intent.action.SEND" />
18-->src/main/AndroidManifest.xml:69:13-65
18-->src/main/AndroidManifest.xml:69:21-62
19
20            <data android:mimeType="text/plain" />
20-->src/main/AndroidManifest.xml:29:17-76
20-->src/main/AndroidManifest.xml:70:19-48
21        </intent>
22    </queries>
23
24    <uses-permission android:name="com.google.android.finsky.permission.BIND_GET_INSTALL_REFERRER_SERVICE" />
24-->[com.android.installreferrer:installreferrer:2.2] AndroidManifest.xml:9:5-110
24-->[com.android.installreferrer:installreferrer:2.2] AndroidManifest.xml:9:22-107
25
26    <application
26-->src/main/AndroidManifest.xml:10:5-65:19
27        android:allowBackup="true"
27-->src/main/AndroidManifest.xml:12:9-35
28        android:appComponentFactory="androidx.core.app.CoreComponentFactory"
28-->[androidx.core:core:1.0.0] AndroidManifest.xml:22:18-86
29        android:debuggable="true"
30        android:icon="@drawable/ic_launcher"
30-->src/main/AndroidManifest.xml:13:9-45
31        android:label="@string/app_name"
31-->src/main/AndroidManifest.xml:14:9-41
32        android:largeHeap="true"
32-->src/main/AndroidManifest.xml:11:9-33
33        android:supportsRtl="true"
33-->src/main/AndroidManifest.xml:15:9-35
34        android:theme="@style/Theme.Default" >
34-->src/main/AndroidManifest.xml:16:9-45
35        <activity
35-->src/main/AndroidManifest.xml:17:9-44:20
36            android:name="io.branch.branchster.SplashActivity"
36-->src/main/AndroidManifest.xml:18:13-63
37            android:exported="true"
37-->src/main/AndroidManifest.xml:19:13-36
38            android:launchMode="singleTask"
38-->src/main/AndroidManifest.xml:22:13-44
39            android:screenOrientation="unspecified"
39-->src/main/AndroidManifest.xml:20:13-52
40            android:theme="@style/Theme.Transparent" >
40-->src/main/AndroidManifest.xml:21:13-53
41            <intent-filter>
41-->src/main/AndroidManifest.xml:23:13-26:29
42                <action android:name="android.intent.action.MAIN" />
42-->src/main/AndroidManifest.xml:24:17-69
42-->src/main/AndroidManifest.xml:24:25-66
43
44                <category android:name="android.intent.category.LAUNCHER" />
44-->src/main/AndroidManifest.xml:25:17-77
44-->src/main/AndroidManifest.xml:25:27-74
45            </intent-filter>
46            <intent-filter>
46-->src/main/AndroidManifest.xml:28:13-33:26
47                <data
47-->src/main/AndroidManifest.xml:29:17-76
48                    android:host="open"
48-->src/main/AndroidManifest.xml:29:55-74
49                    android:scheme="se_curtis_wang" />
49-->src/main/AndroidManifest.xml:29:23-54
50
51                <action android:name="android.intent.action.VIEW" />
51-->src/main/AndroidManifest.xml:30:14-66
51-->src/main/AndroidManifest.xml:30:22-63
52
53                <category android:name="android.intent.category.DEFAULT" />
53-->src/main/AndroidManifest.xml:31:14-73
53-->src/main/AndroidManifest.xml:31:24-70
54                <category android:name="android.intent.category.BROWSABLE" />
54-->src/main/AndroidManifest.xml:32:14-75
54-->src/main/AndroidManifest.xml:32:24-72
55            </intent-filter>
56            <intent-filter android:autoVerify="true" >
56-->src/main/AndroidManifest.xml:35:13-42:29
56-->src/main/AndroidManifest.xml:35:28-53
57                <action android:name="android.intent.action.VIEW" />
57-->src/main/AndroidManifest.xml:30:14-66
57-->src/main/AndroidManifest.xml:30:22-63
58
59                <category android:name="android.intent.category.DEFAULT" />
59-->src/main/AndroidManifest.xml:31:14-73
59-->src/main/AndroidManifest.xml:31:24-70
60                <category android:name="android.intent.category.BROWSABLE" />
60-->src/main/AndroidManifest.xml:32:14-75
60-->src/main/AndroidManifest.xml:32:24-72
61
62                <data
62-->src/main/AndroidManifest.xml:29:17-76
63                    android:host="fcpj8.app.link"
63-->src/main/AndroidManifest.xml:29:55-74
64                    android:scheme="https" />
64-->src/main/AndroidManifest.xml:29:23-54
65                <!-- example-alternate domain is required for App Links when the Journeys/Web SDK and Deepviews are used inside your website. -->
66                <data
66-->src/main/AndroidManifest.xml:29:17-76
67                    android:host="fcpj8-alternate.app.link"
67-->src/main/AndroidManifest.xml:29:55-74
68                    android:scheme="https" />
68-->src/main/AndroidManifest.xml:29:23-54
69            </intent-filter>
70        </activity>
71        <activity
71-->src/main/AndroidManifest.xml:46:9-51:20
72            android:name="io.branch.branchster.MonsterViewerActivity"
72-->src/main/AndroidManifest.xml:47:13-70
73            android:launchMode="singleInstance"
73-->src/main/AndroidManifest.xml:49:13-48
74            android:screenOrientation="unspecified"
74-->src/main/AndroidManifest.xml:50:13-52
75            android:theme="@style/Theme.Default" >
75-->src/main/AndroidManifest.xml:48:13-49
76        </activity>
77        <activity
77-->src/main/AndroidManifest.xml:53:9-58:20
78            android:name="io.branch.branchster.MonsterCreatorActivity"
78-->src/main/AndroidManifest.xml:54:13-71
79            android:launchMode="singleInstance"
79-->src/main/AndroidManifest.xml:56:13-48
80            android:screenOrientation="unspecified"
80-->src/main/AndroidManifest.xml:57:13-52
81            android:theme="@style/Theme.Default" >
81-->src/main/AndroidManifest.xml:55:13-49
82        </activity>
83
84        <meta-data
84-->src/main/AndroidManifest.xml:60:9-148
85            android:name="com.facebook.sdk.ApplicationId"
85-->src/main/AndroidManifest.xml:60:20-65
86            android:value="e42146267f609d143ac39e0bde3b685cd9bfe77f7bb3d5c394aaa3df3f31eda5" />
86-->src/main/AndroidManifest.xml:60:66-146
87        <meta-data
87-->src/main/AndroidManifest.xml:61:9-119
88            android:name="io.branch.sdk.BranchKey"
88-->src/main/AndroidManifest.xml:61:20-58
89            android:value="key_live_dnW19wxhWck7gbzSnSOcuohjFEhOK69n" />
89-->src/main/AndroidManifest.xml:61:59-116
90        <meta-data
90-->src/main/AndroidManifest.xml:62:9-124
91            android:name="io.branch.sdk.BranchKey.test"
91-->src/main/AndroidManifest.xml:62:20-63
92            android:value="key_test_fj231yqm4nk8obDTfMWGznagDzlRP18r" />
92-->src/main/AndroidManifest.xml:62:64-121
93        <meta-data
93-->src/main/AndroidManifest.xml:63:9-82
94            android:name="io.branch.sdk.TestMode"
94-->src/main/AndroidManifest.xml:63:20-57
95            android:value="false" /> <!-- Set to true to use Branch_Test_Key (useful when simulating installs and/or switching between debug and production flavors) -->
95-->src/main/AndroidManifest.xml:63:58-79
96
97        <meta-data
97-->[com.google.android.gms:play-services:6.5.87] AndroidManifest.xml:21:9-23:69
98            android:name="com.google.android.gms.version"
98-->[com.google.android.gms:play-services:6.5.87] AndroidManifest.xml:22:13-58
99            android:value="@integer/google_play_services_version" />
99-->[com.google.android.gms:play-services:6.5.87] AndroidManifest.xml:23:13-66
100
101        <activity
101-->[com.google.android.gms:play-services-base:17.0.0] AndroidManifest.xml:23:9-26:75
102            android:name="com.google.android.gms.common.api.GoogleApiActivity"
102-->[com.google.android.gms:play-services-base:17.0.0] AndroidManifest.xml:24:13-79
103            android:exported="false"
103-->[com.google.android.gms:play-services-base:17.0.0] AndroidManifest.xml:25:13-37
104            android:theme="@android:style/Theme.Translucent.NoTitleBar" />
104-->[com.google.android.gms:play-services-base:17.0.0] AndroidManifest.xml:26:13-72
105
106        <provider
106-->[com.google.firebase:firebase-common:18.0.0] AndroidManifest.xml:12:9-16:39
107            android:name="com.google.firebase.provider.FirebaseInitProvider"
107-->[com.google.firebase:firebase-common:18.0.0] AndroidManifest.xml:13:13-77
108            android:authorities="com.eneff.branch.example.android.firebaseinitprovider"
108-->[com.google.firebase:firebase-common:18.0.0] AndroidManifest.xml:14:13-72
109            android:exported="false"
109-->[com.google.firebase:firebase-common:18.0.0] AndroidManifest.xml:15:13-37
110            android:initOrder="100" />
110-->[com.google.firebase:firebase-common:18.0.0] AndroidManifest.xml:16:13-36
111    </application>
112
113</manifest>